/home/lancepharand11/webots_GtG/install/my_package/lib/python3.10/site-packages/my_package/webots_odom.py
/home/lancepharand11/webots_GtG/install/my_package/lib/python3.10/site-packages/my_package/my_robot_control.py
/home/lancepharand11/webots_GtG/install/my_package/lib/python3.10/site-packages/my_package/my_robot_driver.py
/home/lancepharand11/webots_GtG/install/my_package/lib/python3.10/site-packages/my_package/__init__.py
/home/lancepharand11/webots_GtG/install/my_package/lib/python3.10/site-packages/my_package/__pycache__/webots_odom.cpython-310.pyc
/home/lancepharand11/webots_GtG/install/my_package/lib/python3.10/site-packages/my_package/__pycache__/my_robot_control.cpython-310.pyc
/home/lancepharand11/webots_GtG/install/my_package/lib/python3.10/site-packages/my_package/__pycache__/my_robot_driver.cpython-310.pyc
/home/lancepharand11/webots_GtG/install/my_package/lib/python3.10/site-packages/my_package/__pycache__/__init__.cpython-310.pyc
/home/lancepharand11/webots_GtG/install/my_package/share/ament_index/resource_index/packages/my_package
/home/lancepharand11/webots_GtG/install/my_package/share/my_package/launch/robot_launch.py
/home/lancepharand11/webots_GtG/install/my_package/share/my_package/worlds/my_world.wbt
/home/lancepharand11/webots_GtG/install/my_package/share/my_package/resource/my_robot.urdf
/home/lancepharand11/webots_GtG/install/my_package/share/my_package/package.xml
/home/lancepharand11/webots_GtG/install/my_package/lib/python3.10/site-packages/my_package-0.0.0-py3.10.egg-info/top_level.txt
/home/lancepharand11/webots_GtG/install/my_package/lib/python3.10/site-packages/my_package-0.0.0-py3.10.egg-info/SOURCES.txt
/home/lancepharand11/webots_GtG/install/my_package/lib/python3.10/site-packages/my_package-0.0.0-py3.10.egg-info/zip-safe
/home/lancepharand11/webots_GtG/install/my_package/lib/python3.10/site-packages/my_package-0.0.0-py3.10.egg-info/requires.txt
/home/lancepharand11/webots_GtG/install/my_package/lib/python3.10/site-packages/my_package-0.0.0-py3.10.egg-info/PKG-INFO
/home/lancepharand11/webots_GtG/install/my_package/lib/python3.10/site-packages/my_package-0.0.0-py3.10.egg-info/dependency_links.txt
/home/lancepharand11/webots_GtG/install/my_package/lib/python3.10/site-packages/my_package-0.0.0-py3.10.egg-info/entry_points.txt
/home/lancepharand11/webots_GtG/install/my_package/lib/my_package/my_robot_control
/home/lancepharand11/webots_GtG/install/my_package/lib/my_package/my_robot_driver
