[0.589s] Invoking command in '/home/lancepharand11/webots_GtG/src/my_package': PYTHONPATH=/home/lancepharand11/webots_GtG/build/my_package/prefix_override:/usr/lib/python3/dist-packages/colcon_core/task/python/colcon_distutils_commands:/home/lancepharand11/webots_GtG/install/my_package/lib/python3.10/site-packages:${PYTHONPATH} /usr/bin/python3 -W ignore:setup.py install is deprecated setup.py egg_info --egg-base ../../build/my_package build --build-base /home/lancepharand11/webots_GtG/build/my_package/build install --record /home/lancepharand11/webots_GtG/build/my_package/install.log --single-version-externally-managed install_data
[0.782s] running egg_info
[0.783s] creating ../../build/my_package/my_package.egg-info
[0.783s] writing ../../build/my_package/my_package.egg-info/PKG-INFO
[0.783s] writing dependency_links to ../../build/my_package/my_package.egg-info/dependency_links.txt
[0.783s] writing entry points to ../../build/my_package/my_package.egg-info/entry_points.txt
[0.783s] writing requirements to ../../build/my_package/my_package.egg-info/requires.txt
[0.783s] writing top-level names to ../../build/my_package/my_package.egg-info/top_level.txt
[0.783s] writing manifest file '../../build/my_package/my_package.egg-info/SOURCES.txt'
[0.784s] reading manifest file '../../build/my_package/my_package.egg-info/SOURCES.txt'
[0.785s] writing manifest file '../../build/my_package/my_package.egg-info/SOURCES.txt'
[0.785s] running build
[0.785s] running build_py
[0.785s] creating /home/lancepharand11/webots_GtG/build/my_package/build
[0.785s] creating /home/lancepharand11/webots_GtG/build/my_package/build/lib
[0.785s] creating /home/lancepharand11/webots_GtG/build/my_package/build/lib/my_package
[0.785s] copying my_package/webots_odom.py -> /home/lancepharand11/webots_GtG/build/my_package/build/lib/my_package
[0.786s] copying my_package/my_robot_control.py -> /home/lancepharand11/webots_GtG/build/my_package/build/lib/my_package
[0.786s] copying my_package/my_robot_driver.py -> /home/lancepharand11/webots_GtG/build/my_package/build/lib/my_package
[0.786s] copying my_package/__init__.py -> /home/lancepharand11/webots_GtG/build/my_package/build/lib/my_package
[0.786s] running install
[0.786s] running install_lib
[0.786s] creating /home/lancepharand11/webots_GtG/install/my_package/lib/python3.10/site-packages/my_package
[0.787s] copying /home/lancepharand11/webots_GtG/build/my_package/build/lib/my_package/webots_odom.py -> /home/lancepharand11/webots_GtG/install/my_package/lib/python3.10/site-packages/my_package
[0.787s] copying /home/lancepharand11/webots_GtG/build/my_package/build/lib/my_package/my_robot_control.py -> /home/lancepharand11/webots_GtG/install/my_package/lib/python3.10/site-packages/my_package
[0.787s] copying /home/lancepharand11/webots_GtG/build/my_package/build/lib/my_package/my_robot_driver.py -> /home/lancepharand11/webots_GtG/install/my_package/lib/python3.10/site-packages/my_package
[0.787s] copying /home/lancepharand11/webots_GtG/build/my_package/build/lib/my_package/__init__.py -> /home/lancepharand11/webots_GtG/install/my_package/lib/python3.10/site-packages/my_package
[0.787s] byte-compiling /home/lancepharand11/webots_GtG/install/my_package/lib/python3.10/site-packages/my_package/webots_odom.py to webots_odom.cpython-310.pyc
[0.788s] byte-compiling /home/lancepharand11/webots_GtG/install/my_package/lib/python3.10/site-packages/my_package/my_robot_control.py to my_robot_control.cpython-310.pyc
[0.789s] byte-compiling /home/lancepharand11/webots_GtG/install/my_package/lib/python3.10/site-packages/my_package/my_robot_driver.py to my_robot_driver.cpython-310.pyc
[0.789s] byte-compiling /home/lancepharand11/webots_GtG/install/my_package/lib/python3.10/site-packages/my_package/__init__.py to __init__.cpython-310.pyc
[0.789s] running install_data
[0.789s] creating /home/lancepharand11/webots_GtG/install/my_package/share
[0.789s] creating /home/lancepharand11/webots_GtG/install/my_package/share/ament_index
[0.789s] creating /home/lancepharand11/webots_GtG/install/my_package/share/ament_index/resource_index
[0.789s] creating /home/lancepharand11/webots_GtG/install/my_package/share/ament_index/resource_index/packages
[0.789s] copying resource/my_package -> /home/lancepharand11/webots_GtG/install/my_package/share/ament_index/resource_index/packages
[0.789s] creating /home/lancepharand11/webots_GtG/install/my_package/share/my_package
[0.789s] creating /home/lancepharand11/webots_GtG/install/my_package/share/my_package/launch
[0.790s] copying launch/robot_launch.py -> /home/lancepharand11/webots_GtG/install/my_package/share/my_package/launch
[0.790s] creating /home/lancepharand11/webots_GtG/install/my_package/share/my_package/worlds
[0.790s] copying worlds/my_world.wbt -> /home/lancepharand11/webots_GtG/install/my_package/share/my_package/worlds
[0.790s] creating /home/lancepharand11/webots_GtG/install/my_package/share/my_package/resource
[0.790s] copying resource/my_robot.urdf -> /home/lancepharand11/webots_GtG/install/my_package/share/my_package/resource
[0.790s] copying package.xml -> /home/lancepharand11/webots_GtG/install/my_package/share/my_package
[0.790s] running install_egg_info
[0.791s] Copying ../../build/my_package/my_package.egg-info to /home/lancepharand11/webots_GtG/install/my_package/lib/python3.10/site-packages/my_package-0.0.0-py3.10.egg-info
[0.792s] running install_scripts
[0.806s] Installing my_robot_control script to /home/lancepharand11/webots_GtG/install/my_package/lib/my_package
[0.806s] Installing my_robot_driver script to /home/lancepharand11/webots_GtG/install/my_package/lib/my_package
[0.806s] Installing webots_odom script to /home/lancepharand11/webots_GtG/install/my_package/lib/my_package
[0.807s] writing list of installed files to '/home/lancepharand11/webots_GtG/build/my_package/install.log'
[0.825s] Invoked command in '/home/lancepharand11/webots_GtG/src/my_package' returned '0': PYTHONPATH=/home/lancepharand11/webots_GtG/build/my_package/prefix_override:/usr/lib/python3/dist-packages/colcon_core/task/python/colcon_distutils_commands:/home/lancepharand11/webots_GtG/install/my_package/lib/python3.10/site-packages:${PYTHONPATH} /usr/bin/python3 -W ignore:setup.py install is deprecated setup.py egg_info --egg-base ../../build/my_package build --build-base /home/lancepharand11/webots_GtG/build/my_package/build install --record /home/lancepharand11/webots_GtG/build/my_package/install.log --single-version-externally-managed install_data
